2022-09-07 15:19:55,046 [Worker-0: Loading available Gradle versions] INFO  o.e.b.c.i.u.g.PublishedGradleVersions - Gradle version information cache is up-to-date. Trying to read.
2022-09-07 15:29:25,311 [ModalContext] INFO  o.e.m.c.i.e.AbstractTransferListenerAdapter - Downloading https://repo.maven.apache.org/maven2/org/apache/maven/archetypes/maven-archetype-quickstart/1.1/maven-archetype-quickstart-1.1.jar
2022-09-07 15:29:25,587 [ModalContext] INFO  o.e.m.c.i.e.AbstractTransferListenerAdapter - Downloaded https://repo.maven.apache.org/maven2/org/apache/maven/archetypes/maven-archetype-quickstart/1.1/maven-archetype-quickstart-1.1.jar
2022-09-07 15:29:25,721 [ModalContext] INFO  o.e.m.c.i.e.AbstractTransferListenerAdapter - Downloading https://repo.maven.apache.org/maven2/org/apache/maven/archetypes/maven-archetype-quickstart/1.1/maven-archetype-quickstart-1.1.pom
2022-09-07 15:29:25,897 [ModalContext] INFO  o.e.m.c.i.e.AbstractTransferListenerAdapter - Downloaded https://repo.maven.apache.org/maven2/org/apache/maven/archetypes/maven-archetype-quickstart/1.1/maven-archetype-quickstart-1.1.pom
2022-09-07 15:30:02,571 [Worker-20: Creating maven-archetype-quickstart] INFO  o.e.m.c.i.p.ProjectConfigurationManager - Collecting project info '/pom.xml' D:\.Programacao\Java\PDS2\ConexaoBanco\otaviotursi\pom.xml
2022-09-07 15:30:03,390 [Worker-20: Creating maven-archetype-quickstart] INFO  o.e.m.c.i.l.LifecycleMappingFactory - Using org.eclipse.m2e.jdt.JarLifecycleMapping lifecycle mapping for MavenProject: ifsc:otaviotursi:0.0.1-SNAPSHOT @ D:\.Programacao\Java\PDS2\ConexaoBanco\otaviotursi\pom.xml.
2022-09-07 15:30:03,585 [Worker-20: Creating maven-archetype-quickstart] INFO  o.e.m.j.i.AbstractJavaProjectConfigurator - Adding source folder /otaviotursi/src/main/java
2022-09-07 15:30:03,588 [Worker-20: Creating maven-archetype-quickstart] INFO  o.e.m.j.i.AbstractJavaProjectConfigurator - Adding source folder /otaviotursi/src/test/java
2022-09-07 15:30:03,658 [Worker-20: Creating maven-archetype-quickstart] INFO  o.e.m.c.i.p.ProjectConfigurationManager - Imported and configured 1 project(s) in 1 sec
2022-09-07 15:30:04,480 [Worker-20: Building] INFO  o.e.m.c.i.embedder.EclipseLogger - Using 'UTF-8' encoding to copy filtered resources.
2022-09-07 15:30:04,481 [Worker-20: Building] INFO  o.e.m.c.i.embedder.EclipseLogger - skip non existing resourceDirectory D:\.Programacao\Java\PDS2\ConexaoBanco\otaviotursi\src\main\resources
2022-09-07 15:30:04,483 [Worker-20: Building] INFO  o.e.m.c.i.embedder.EclipseLogger - Using 'UTF-8' encoding to copy filtered resources.
2022-09-07 15:30:04,483 [Worker-20: Building] INFO  o.e.m.c.i.embedder.EclipseLogger - skip non existing resourceDirectory D:\.Programacao\Java\PDS2\ConexaoBanco\otaviotursi\src\test\resources
2022-09-07 15:30:05,109 [Worker-23: Download sources and javadoc] INFO  o.e.m.c.i.e.AbstractTransferListenerAdapter - Downloading https://repo.maven.apache.org/maven2/junit/junit/3.8.1/junit-3.8.1-sources.jar
2022-09-07 15:30:05,418 [Worker-23: Download sources and javadoc] INFO  o.e.m.c.i.e.AbstractTransferListenerAdapter - Downloaded https://repo.maven.apache.org/maven2/junit/junit/3.8.1/junit-3.8.1-sources.jar
2022-09-07 15:30:05,424 [Worker-23: Download sources and javadoc] INFO  o.e.m.j.internal.DownloadSourcesJob - Downloaded sources for junit:junit:3.8.1
2022-09-07 15:30:05,599 [Worker-21: Building] INFO  o.e.m.c.i.embedder.EclipseLogger - Using 'UTF-8' encoding to copy filtered resources.
2022-09-07 15:30:05,600 [Worker-21: Building] INFO  o.e.m.c.i.embedder.EclipseLogger - skip non existing resourceDirectory D:\.Programacao\Java\PDS2\ConexaoBanco\otaviotursi\src\main\resources
2022-09-07 15:30:05,602 [Worker-21: Building] INFO  o.e.m.c.i.embedder.EclipseLogger - Using 'UTF-8' encoding to copy filtered resources.
2022-09-07 15:30:05,602 [Worker-21: Building] INFO  o.e.m.c.i.embedder.EclipseLogger - skip non existing resourceDirectory D:\.Programacao\Java\PDS2\ConexaoBanco\otaviotursi\src\test\resources
2022-09-07 15:38:18,711 [Worker-26: Building] INFO  o.e.m.c.i.l.LifecycleMappingFactory - Using org.eclipse.m2e.jdt.JarLifecycleMapping lifecycle mapping for MavenProject: ifsc:otaviotursi:0.0.1-SNAPSHOT @ D:\.Programacao\Java\PDS2\ConexaoBanco\otaviotursi\pom.xml.
2022-09-07 15:38:19,539 [AetherRepositoryConnector-repo.maven.apache.org-0-0] INFO  o.e.m.c.i.e.AbstractTransferListenerAdapter - Downloading https://repo.maven.apache.org/maven2/mysql/mysql-connector-java/8.0.30/mysql-connector-java-8.0.30.jar
2022-09-07 15:38:19,542 [AetherRepositoryConnector-repo.maven.apache.org-0-1] INFO  o.e.m.c.i.e.AbstractTransferListenerAdapter - Downloading https://repo.maven.apache.org/maven2/com/google/protobuf/protobuf-java/3.19.4/protobuf-java-3.19.4.jar
2022-09-07 15:38:20,956 [AetherRepositoryConnector-repo.maven.apache.org-0-1] INFO  o.e.m.c.i.e.AbstractTransferListenerAdapter - Downloaded https://repo.maven.apache.org/maven2/com/google/protobuf/protobuf-java/3.19.4/protobuf-java-3.19.4.jar
2022-09-07 15:38:21,098 [AetherRepositoryConnector-repo.maven.apache.org-0-0] INFO  o.e.m.c.i.e.AbstractTransferListenerAdapter - Downloaded https://repo.maven.apache.org/maven2/mysql/mysql-connector-java/8.0.30/mysql-connector-java-8.0.30.jar
2022-09-07 15:38:21,264 [Worker-26: Building] INFO  o.e.m.c.i.embedder.EclipseLogger - Using 'UTF-8' encoding to copy filtered resources.
2022-09-07 15:38:21,264 [Worker-26: Building] INFO  o.e.m.c.i.embedder.EclipseLogger - skip non existing resourceDirectory D:\.Programacao\Java\PDS2\ConexaoBanco\otaviotursi\src\main\resources
2022-09-07 15:38:21,266 [Worker-26: Building] INFO  o.e.m.c.i.embedder.EclipseLogger - Using 'UTF-8' encoding to copy filtered resources.
2022-09-07 15:38:21,267 [Worker-26: Building] INFO  o.e.m.c.i.embedder.EclipseLogger - skip non existing resourceDirectory D:\.Programacao\Java\PDS2\ConexaoBanco\otaviotursi\src\test\resources
2022-09-07 15:38:22,552 [Worker-24: Building] INFO  o.e.m.c.i.embedder.EclipseLogger - Using 'UTF-8' encoding to copy filtered resources.
2022-09-07 15:38:22,552 [Worker-24: Building] INFO  o.e.m.c.i.embedder.EclipseLogger - skip non existing resourceDirectory D:\.Programacao\Java\PDS2\ConexaoBanco\otaviotursi\src\main\resources
2022-09-07 15:38:22,553 [Worker-24: Building] INFO  o.e.m.c.i.embedder.EclipseLogger - Using 'UTF-8' encoding to copy filtered resources.
2022-09-07 15:38:22,553 [Worker-24: Building] INFO  o.e.m.c.i.embedder.EclipseLogger - skip non existing resourceDirectory D:\.Programacao\Java\PDS2\ConexaoBanco\otaviotursi\src\test\resources
2022-09-07 15:38:23,012 [Worker-27: Download sources and javadoc] INFO  o.e.m.c.i.e.AbstractTransferListenerAdapter - Downloading https://repo.maven.apache.org/maven2/mysql/mysql-connector-java/8.0.30/mysql-connector-java-8.0.30-sources.jar
2022-09-07 15:38:23,927 [Worker-27: Download sources and javadoc] INFO  o.e.m.c.i.e.AbstractTransferListenerAdapter - Downloaded https://repo.maven.apache.org/maven2/mysql/mysql-connector-java/8.0.30/mysql-connector-java-8.0.30-sources.jar
2022-09-07 15:38:23,931 [Worker-27: Download sources and javadoc] INFO  o.e.m.j.internal.DownloadSourcesJob - Downloaded sources for mysql:mysql-connector-java:8.0.30
2022-09-07 15:38:24,491 [Worker-27: Download sources and javadoc] INFO  o.e.m.c.i.e.AbstractTransferListenerAdapter - Downloading https://repo.maven.apache.org/maven2/com/google/protobuf/protobuf-java/3.19.4/protobuf-java-3.19.4-sources.jar
2022-09-07 15:38:25,366 [Worker-27: Download sources and javadoc] INFO  o.e.m.c.i.e.AbstractTransferListenerAdapter - Downloaded https://repo.maven.apache.org/maven2/com/google/protobuf/protobuf-java/3.19.4/protobuf-java-3.19.4-sources.jar
2022-09-07 15:38:25,368 [Worker-27: Download sources and javadoc] INFO  o.e.m.j.internal.DownloadSourcesJob - Downloaded sources for com.google.protobuf:protobuf-java:3.19.4
2022-09-07 15:38:25,492 [Worker-26: Building] INFO  o.e.m.c.i.embedder.EclipseLogger - Using 'UTF-8' encoding to copy filtered resources.
2022-09-07 15:38:25,492 [Worker-26: Building] INFO  o.e.m.c.i.embedder.EclipseLogger - skip non existing resourceDirectory D:\.Programacao\Java\PDS2\ConexaoBanco\otaviotursi\src\main\resources
2022-09-07 15:38:25,492 [Worker-26: Building] INFO  o.e.m.c.i.embedder.EclipseLogger - Using 'UTF-8' encoding to copy filtered resources.
2022-09-07 15:38:25,492 [Worker-26: Building] INFO  o.e.m.c.i.embedder.EclipseLogger - skip non existing resourceDirectory D:\.Programacao\Java\PDS2\ConexaoBanco\otaviotursi\src\test\resources
2022-09-07 15:38:29,719 [Worker-24: Updating Maven Project] INFO  o.e.m.c.i.p.ProjectConfigurationManager - Update started
2022-09-07 15:38:29,976 [Worker-24: Updating Maven Project] INFO  o.e.m.c.i.l.LifecycleMappingFactory - Using org.eclipse.m2e.jdt.JarLifecycleMapping lifecycle mapping for MavenProject: ifsc:otaviotursi:0.0.1-SNAPSHOT @ D:\.Programacao\Java\PDS2\ConexaoBanco\otaviotursi\pom.xml.
2022-09-07 15:38:30,059 [Worker-24: Updating Maven Project] INFO  o.e.m.j.i.AbstractJavaProjectConfigurator - Adding source folder /otaviotursi/src/main/java
2022-09-07 15:38:30,060 [Worker-24: Updating Maven Project] INFO  o.e.m.j.i.AbstractJavaProjectConfigurator - Adding source folder /otaviotursi/src/test/java
2022-09-07 15:38:30,156 [Worker-24: Updating Maven Project] INFO  o.e.m.c.i.p.ProjectConfigurationManager - Update completed: 0 sec
2022-09-07 15:38:30,291 [Worker-26: Building] INFO  o.e.m.c.i.embedder.EclipseLogger - Using 'UTF-8' encoding to copy filtered resources.
2022-09-07 15:38:30,291 [Worker-26: Building] INFO  o.e.m.c.i.embedder.EclipseLogger - skip non existing resourceDirectory D:\.Programacao\Java\PDS2\ConexaoBanco\otaviotursi\src\main\resources
2022-09-07 15:38:30,292 [Worker-26: Building] INFO  o.e.m.c.i.embedder.EclipseLogger - Using 'UTF-8' encoding to copy filtered resources.
2022-09-07 15:38:30,292 [Worker-26: Building] INFO  o.e.m.c.i.embedder.EclipseLogger - skip non existing resourceDirectory D:\.Programacao\Java\PDS2\ConexaoBanco\otaviotursi\src\test\resources
2022-09-07 15:38:41,294 [Worker-24: Building] INFO  o.e.m.c.i.embedder.EclipseLogger - Using 'UTF-8' encoding to copy filtered resources.
2022-09-07 15:38:41,294 [Worker-24: Building] INFO  o.e.m.c.i.embedder.EclipseLogger - skip non existing resourceDirectory D:\.Programacao\Java\PDS2\ConexaoBanco\otaviotursi\src\main\resources
2022-09-07 15:38:41,295 [Worker-24: Building] INFO  o.e.m.c.i.embedder.EclipseLogger - Using 'UTF-8' encoding to copy filtered resources.
2022-09-07 15:38:41,295 [Worker-24: Building] INFO  o.e.m.c.i.embedder.EclipseLogger - skip non existing resourceDirectory D:\.Programacao\Java\PDS2\ConexaoBanco\otaviotursi\src\test\resources
2022-09-07 15:39:42,466 [Worker-27: Building] INFO  o.e.m.c.i.embedder.EclipseLogger - Using 'UTF-8' encoding to copy filtered resources.
2022-09-07 15:39:42,466 [Worker-27: Building] INFO  o.e.m.c.i.embedder.EclipseLogger - skip non existing resourceDirectory D:\.Programacao\Java\PDS2\ConexaoBanco\otaviotursi\src\main\resources
2022-09-07 15:39:42,467 [Worker-27: Building] INFO  o.e.m.c.i.embedder.EclipseLogger - Using 'UTF-8' encoding to copy filtered resources.
2022-09-07 15:39:42,467 [Worker-27: Building] INFO  o.e.m.c.i.embedder.EclipseLogger - skip non existing resourceDirectory D:\.Programacao\Java\PDS2\ConexaoBanco\otaviotursi\src\test\resources
2022-09-07 15:39:56,977 [Worker-28: Building] INFO  o.e.m.c.i.embedder.EclipseLogger - Using 'UTF-8' encoding to copy filtered resources.
2022-09-07 15:39:56,977 [Worker-28: Building] INFO  o.e.m.c.i.embedder.EclipseLogger - skip non existing resourceDirectory D:\.Programacao\Java\PDS2\ConexaoBanco\otaviotursi\src\main\resources
2022-09-07 15:39:56,977 [Worker-28: Building] INFO  o.e.m.c.i.embedder.EclipseLogger - Using 'UTF-8' encoding to copy filtered resources.
2022-09-07 15:39:56,977 [Worker-28: Building] INFO  o.e.m.c.i.embedder.EclipseLogger - skip non existing resourceDirectory D:\.Programacao\Java\PDS2\ConexaoBanco\otaviotursi\src\test\resources
2022-09-07 15:40:07,679 [Worker-27: Building] INFO  o.e.m.c.i.embedder.EclipseLogger - Using 'UTF-8' encoding to copy filtered resources.
2022-09-07 15:40:07,679 [Worker-27: Building] INFO  o.e.m.c.i.embedder.EclipseLogger - skip non existing resourceDirectory D:\.Programacao\Java\PDS2\ConexaoBanco\otaviotursi\src\main\resources
2022-09-07 15:40:07,680 [Worker-27: Building] INFO  o.e.m.c.i.embedder.EclipseLogger - Using 'UTF-8' encoding to copy filtered resources.
2022-09-07 15:40:07,680 [Worker-27: Building] INFO  o.e.m.c.i.embedder.EclipseLogger - skip non existing resourceDirectory D:\.Programacao\Java\PDS2\ConexaoBanco\otaviotursi\src\test\resources
2022-09-07 15:42:23,810 [Worker-26: Building] INFO  o.e.m.c.i.embedder.EclipseLogger - Using 'UTF-8' encoding to copy filtered resources.
2022-09-07 15:42:23,811 [Worker-26: Building] INFO  o.e.m.c.i.embedder.EclipseLogger - skip non existing resourceDirectory D:\.Programacao\Java\PDS2\ConexaoBanco\otaviotursi\src\main\resources
2022-09-07 15:42:23,812 [Worker-26: Building] INFO  o.e.m.c.i.embedder.EclipseLogger - Using 'UTF-8' encoding to copy filtered resources.
2022-09-07 15:42:23,812 [Worker-26: Building] INFO  o.e.m.c.i.embedder.EclipseLogger - skip non existing resourceDirectory D:\.Programacao\Java\PDS2\ConexaoBanco\otaviotursi\src\test\resources
2022-09-07 15:42:28,488 [Worker-28: Building] INFO  o.e.m.c.i.embedder.EclipseLogger - Using 'UTF-8' encoding to copy filtered resources.
2022-09-07 15:42:28,488 [Worker-28: Building] INFO  o.e.m.c.i.embedder.EclipseLogger - skip non existing resourceDirectory D:\.Programacao\Java\PDS2\ConexaoBanco\otaviotursi\src\main\resources
2022-09-07 15:42:28,489 [Worker-28: Building] INFO  o.e.m.c.i.embedder.EclipseLogger - Using 'UTF-8' encoding to copy filtered resources.
2022-09-07 15:42:28,489 [Worker-28: Building] INFO  o.e.m.c.i.embedder.EclipseLogger - skip non existing resourceDirectory D:\.Programacao\Java\PDS2\ConexaoBanco\otaviotursi\src\test\resources
2022-09-07 15:43:27,427 [Worker-28: Building] INFO  o.e.m.c.i.embedder.EclipseLogger - Using 'UTF-8' encoding to copy filtered resources.
2022-09-07 15:43:27,427 [Worker-28: Building] INFO  o.e.m.c.i.embedder.EclipseLogger - skip non existing resourceDirectory D:\.Programacao\Java\PDS2\ConexaoBanco\otaviotursi\src\main\resources
2022-09-07 15:43:27,430 [Worker-28: Building] INFO  o.e.m.c.i.embedder.EclipseLogger - Using 'UTF-8' encoding to copy filtered resources.
2022-09-07 15:43:27,431 [Worker-28: Building] INFO  o.e.m.c.i.embedder.EclipseLogger - skip non existing resourceDirectory D:\.Programacao\Java\PDS2\ConexaoBanco\otaviotursi\src\test\resources
2022-09-07 15:44:06,423 [Worker-21: Building] INFO  o.e.m.c.i.embedder.EclipseLogger - Using 'UTF-8' encoding to copy filtered resources.
2022-09-07 15:44:06,423 [Worker-21: Building] INFO  o.e.m.c.i.embedder.EclipseLogger - skip non existing resourceDirectory D:\.Programacao\Java\PDS2\ConexaoBanco\otaviotursi\src\main\resources
2022-09-07 15:44:06,424 [Worker-21: Building] INFO  o.e.m.c.i.embedder.EclipseLogger - Using 'UTF-8' encoding to copy filtered resources.
2022-09-07 15:44:06,424 [Worker-21: Building] INFO  o.e.m.c.i.embedder.EclipseLogger - skip non existing resourceDirectory D:\.Programacao\Java\PDS2\ConexaoBanco\otaviotursi\src\test\resources
2022-09-07 15:46:28,906 [Worker-26: Building] INFO  o.e.m.c.i.embedder.EclipseLogger - Using 'UTF-8' encoding to copy filtered resources.
2022-09-07 15:46:28,906 [Worker-26: Building] INFO  o.e.m.c.i.embedder.EclipseLogger - skip non existing resourceDirectory D:\.Programacao\Java\PDS2\ConexaoBanco\otaviotursi\src\main\resources
2022-09-07 15:46:28,907 [Worker-26: Building] INFO  o.e.m.c.i.embedder.EclipseLogger - Using 'UTF-8' encoding to copy filtered resources.
2022-09-07 15:46:28,907 [Worker-26: Building] INFO  o.e.m.c.i.embedder.EclipseLogger - skip non existing resourceDirectory D:\.Programacao\Java\PDS2\ConexaoBanco\otaviotursi\src\test\resources
2022-09-07 15:46:43,941 [Worker-26: Building] INFO  o.e.m.c.i.embedder.EclipseLogger - Using 'UTF-8' encoding to copy filtered resources.
2022-09-07 15:46:43,941 [Worker-26: Building] INFO  o.e.m.c.i.embedder.EclipseLogger - skip non existing resourceDirectory D:\.Programacao\Java\PDS2\ConexaoBanco\otaviotursi\src\main\resources
2022-09-07 15:46:43,941 [Worker-26: Building] INFO  o.e.m.c.i.embedder.EclipseLogger - Using 'UTF-8' encoding to copy filtered resources.
2022-09-07 15:46:43,942 [Worker-26: Building] INFO  o.e.m.c.i.embedder.EclipseLogger - skip non existing resourceDirectory D:\.Programacao\Java\PDS2\ConexaoBanco\otaviotursi\src\test\resources
2022-09-07 15:46:51,166 [Worker-24: Building] INFO  o.e.m.c.i.embedder.EclipseLogger - Using 'UTF-8' encoding to copy filtered resources.
2022-09-07 15:46:51,167 [Worker-24: Building] INFO  o.e.m.c.i.embedder.EclipseLogger - skip non existing resourceDirectory D:\.Programacao\Java\PDS2\ConexaoBanco\otaviotursi\src\main\resources
2022-09-07 15:46:51,167 [Worker-24: Building] INFO  o.e.m.c.i.embedder.EclipseLogger - Using 'UTF-8' encoding to copy filtered resources.
2022-09-07 15:46:51,167 [Worker-24: Building] INFO  o.e.m.c.i.embedder.EclipseLogger - skip non existing resourceDirectory D:\.Programacao\Java\PDS2\ConexaoBanco\otaviotursi\src\test\resources
2022-09-07 15:47:17,898 [Worker-24: Building] INFO  o.e.m.c.i.embedder.EclipseLogger - Using 'UTF-8' encoding to copy filtered resources.
2022-09-07 15:47:17,898 [Worker-24: Building] INFO  o.e.m.c.i.embedder.EclipseLogger - skip non existing resourceDirectory D:\.Programacao\Java\PDS2\ConexaoBanco\otaviotursi\src\main\resources
2022-09-07 15:47:17,899 [Worker-24: Building] INFO  o.e.m.c.i.embedder.EclipseLogger - Using 'UTF-8' encoding to copy filtered resources.
2022-09-07 15:47:17,899 [Worker-24: Building] INFO  o.e.m.c.i.embedder.EclipseLogger - skip non existing resourceDirectory D:\.Programacao\Java\PDS2\ConexaoBanco\otaviotursi\src\test\resources
2022-09-07 15:47:31,600 [Worker-21: Building] INFO  o.e.m.c.i.embedder.EclipseLogger - Using 'UTF-8' encoding to copy filtered resources.
2022-09-07 15:47:31,600 [Worker-21: Building] INFO  o.e.m.c.i.embedder.EclipseLogger - skip non existing resourceDirectory D:\.Programacao\Java\PDS2\ConexaoBanco\otaviotursi\src\main\resources
2022-09-07 15:47:31,601 [Worker-21: Building] INFO  o.e.m.c.i.embedder.EclipseLogger - Using 'UTF-8' encoding to copy filtered resources.
2022-09-07 15:47:31,601 [Worker-21: Building] INFO  o.e.m.c.i.embedder.EclipseLogger - skip non existing resourceDirectory D:\.Programacao\Java\PDS2\ConexaoBanco\otaviotursi\src\test\resources
2022-09-07 15:48:06,648 [Worker-28: Building] INFO  o.e.m.c.i.embedder.EclipseLogger - Using 'UTF-8' encoding to copy filtered resources.
2022-09-07 15:48:06,648 [Worker-28: Building] INFO  o.e.m.c.i.embedder.EclipseLogger - skip non existing resourceDirectory D:\.Programacao\Java\PDS2\ConexaoBanco\otaviotursi\src\main\resources
2022-09-07 15:48:06,648 [Worker-28: Building] INFO  o.e.m.c.i.embedder.EclipseLogger - Using 'UTF-8' encoding to copy filtered resources.
2022-09-07 15:48:06,648 [Worker-28: Building] INFO  o.e.m.c.i.embedder.EclipseLogger - skip non existing resourceDirectory D:\.Programacao\Java\PDS2\ConexaoBanco\otaviotursi\src\test\resources
2022-09-07 15:48:09,900 [Worker-28: Building] INFO  o.e.m.c.i.embedder.EclipseLogger - Using 'UTF-8' encoding to copy filtered resources.
2022-09-07 15:48:09,900 [Worker-28: Building] INFO  o.e.m.c.i.embedder.EclipseLogger - skip non existing resourceDirectory D:\.Programacao\Java\PDS2\ConexaoBanco\otaviotursi\src\main\resources
2022-09-07 15:48:09,901 [Worker-28: Building] INFO  o.e.m.c.i.embedder.EclipseLogger - Using 'UTF-8' encoding to copy filtered resources.
2022-09-07 15:48:09,901 [Worker-28: Building] INFO  o.e.m.c.i.embedder.EclipseLogger - skip non existing resourceDirectory D:\.Programacao\Java\PDS2\ConexaoBanco\otaviotursi\src\test\resources
2022-09-07 15:51:17,470 [Worker-26: Building] INFO  o.e.m.c.i.embedder.EclipseLogger - Using 'UTF-8' encoding to copy filtered resources.
2022-09-07 15:51:17,470 [Worker-26: Building] INFO  o.e.m.c.i.embedder.EclipseLogger - skip non existing resourceDirectory D:\.Programacao\Java\PDS2\ConexaoBanco\otaviotursi\src\main\resources
2022-09-07 15:51:17,471 [Worker-26: Building] INFO  o.e.m.c.i.embedder.EclipseLogger - Using 'UTF-8' encoding to copy filtered resources.
2022-09-07 15:51:17,471 [Worker-26: Building] INFO  o.e.m.c.i.embedder.EclipseLogger - skip non existing resourceDirectory D:\.Programacao\Java\PDS2\ConexaoBanco\otaviotursi\src\test\resources
2022-09-07 15:51:41,436 [Worker-28: Building] INFO  o.e.m.c.i.embedder.EclipseLogger - Using 'UTF-8' encoding to copy filtered resources.
2022-09-07 15:51:41,437 [Worker-28: Building] INFO  o.e.m.c.i.embedder.EclipseLogger - skip non existing resourceDirectory D:\.Programacao\Java\PDS2\ConexaoBanco\otaviotursi\src\main\resources
2022-09-07 15:51:41,437 [Worker-28: Building] INFO  o.e.m.c.i.embedder.EclipseLogger - Using 'UTF-8' encoding to copy filtered resources.
2022-09-07 15:51:41,437 [Worker-28: Building] INFO  o.e.m.c.i.embedder.EclipseLogger - skip non existing resourceDirectory D:\.Programacao\Java\PDS2\ConexaoBanco\otaviotursi\src\test\resources
2022-09-07 15:51:48,321 [Worker-30: Building] INFO  o.e.m.c.i.embedder.EclipseLogger - Using 'UTF-8' encoding to copy filtered resources.
2022-09-07 15:51:48,321 [Worker-30: Building] INFO  o.e.m.c.i.embedder.EclipseLogger - skip non existing resourceDirectory D:\.Programacao\Java\PDS2\ConexaoBanco\otaviotursi\src\main\resources
2022-09-07 15:51:48,322 [Worker-30: Building] INFO  o.e.m.c.i.embedder.EclipseLogger - Using 'UTF-8' encoding to copy filtered resources.
2022-09-07 15:51:48,322 [Worker-30: Building] INFO  o.e.m.c.i.embedder.EclipseLogger - skip non existing resourceDirectory D:\.Programacao\Java\PDS2\ConexaoBanco\otaviotursi\src\test\resources
2022-09-07 15:52:37,831 [Worker-28: Building] INFO  o.e.m.c.i.embedder.EclipseLogger - Using 'UTF-8' encoding to copy filtered resources.
2022-09-07 15:52:37,832 [Worker-28: Building] INFO  o.e.m.c.i.embedder.EclipseLogger - skip non existing resourceDirectory D:\.Programacao\Java\PDS2\ConexaoBanco\otaviotursi\src\main\resources
2022-09-07 15:52:37,832 [Worker-28: Building] INFO  o.e.m.c.i.embedder.EclipseLogger - Using 'UTF-8' encoding to copy filtered resources.
2022-09-07 15:52:37,832 [Worker-28: Building] INFO  o.e.m.c.i.embedder.EclipseLogger - skip non existing resourceDirectory D:\.Programacao\Java\PDS2\ConexaoBanco\otaviotursi\src\test\resources
2022-09-07 15:53:01,307 [Worker-28: Building] INFO  o.e.m.c.i.embedder.EclipseLogger - Using 'UTF-8' encoding to copy filtered resources.
2022-09-07 15:53:01,307 [Worker-28: Building] INFO  o.e.m.c.i.embedder.EclipseLogger - skip non existing resourceDirectory D:\.Programacao\Java\PDS2\ConexaoBanco\otaviotursi\src\main\resources
2022-09-07 15:53:01,308 [Worker-28: Building] INFO  o.e.m.c.i.embedder.EclipseLogger - Using 'UTF-8' encoding to copy filtered resources.
2022-09-07 15:53:01,308 [Worker-28: Building] INFO  o.e.m.c.i.embedder.EclipseLogger - skip non existing resourceDirectory D:\.Programacao\Java\PDS2\ConexaoBanco\otaviotursi\src\test\resources
2022-09-07 15:57:31,054 [Worker-28: Building] INFO  o.e.m.c.i.embedder.EclipseLogger - Using 'UTF-8' encoding to copy filtered resources.
2022-09-07 15:57:31,054 [Worker-28: Building] INFO  o.e.m.c.i.embedder.EclipseLogger - skip non existing resourceDirectory D:\.Programacao\Java\PDS2\ConexaoBanco\otaviotursi\src\main\resources
2022-09-07 15:57:31,054 [Worker-28: Building] INFO  o.e.m.c.i.embedder.EclipseLogger - Using 'UTF-8' encoding to copy filtered resources.
2022-09-07 15:57:31,054 [Worker-28: Building] INFO  o.e.m.c.i.embedder.EclipseLogger - skip non existing resourceDirectory D:\.Programacao\Java\PDS2\ConexaoBanco\otaviotursi\src\test\resources
2022-09-07 15:57:43,948 [Worker-29: Building] INFO  o.e.m.c.i.embedder.EclipseLogger - Using 'UTF-8' encoding to copy filtered resources.
2022-09-07 15:57:43,948 [Worker-29: Building] INFO  o.e.m.c.i.embedder.EclipseLogger - skip non existing resourceDirectory D:\.Programacao\Java\PDS2\ConexaoBanco\otaviotursi\src\main\resources
2022-09-07 15:57:43,949 [Worker-29: Building] INFO  o.e.m.c.i.embedder.EclipseLogger - Using 'UTF-8' encoding to copy filtered resources.
2022-09-07 15:57:43,949 [Worker-29: Building] INFO  o.e.m.c.i.embedder.EclipseLogger - skip non existing resourceDirectory D:\.Programacao\Java\PDS2\ConexaoBanco\otaviotursi\src\test\resources
2022-09-07 15:58:17,926 [Worker-29: Building] INFO  o.e.m.c.i.embedder.EclipseLogger - Using 'UTF-8' encoding to copy filtered resources.
2022-09-07 15:58:17,926 [Worker-29: Building] INFO  o.e.m.c.i.embedder.EclipseLogger - skip non existing resourceDirectory D:\.Programacao\Java\PDS2\ConexaoBanco\otaviotursi\src\main\resources
2022-09-07 15:58:17,927 [Worker-29: Building] INFO  o.e.m.c.i.embedder.EclipseLogger - Using 'UTF-8' encoding to copy filtered resources.
2022-09-07 15:58:17,927 [Worker-29: Building] INFO  o.e.m.c.i.embedder.EclipseLogger - skip non existing resourceDirectory D:\.Programacao\Java\PDS2\ConexaoBanco\otaviotursi\src\test\resources
2022-09-07 15:59:27,851 [Worker-28: Building] INFO  o.e.m.c.i.embedder.EclipseLogger - Using 'UTF-8' encoding to copy filtered resources.
2022-09-07 15:59:27,851 [Worker-28: Building] INFO  o.e.m.c.i.embedder.EclipseLogger - skip non existing resourceDirectory D:\.Programacao\Java\PDS2\ConexaoBanco\otaviotursi\src\main\resources
2022-09-07 15:59:27,851 [Worker-28: Building] INFO  o.e.m.c.i.embedder.EclipseLogger - Using 'UTF-8' encoding to copy filtered resources.
2022-09-07 15:59:27,852 [Worker-28: Building] INFO  o.e.m.c.i.embedder.EclipseLogger - skip non existing resourceDirectory D:\.Programacao\Java\PDS2\ConexaoBanco\otaviotursi\src\test\resources
2022-09-07 15:59:34,136 [Worker-30: Building] INFO  o.e.m.c.i.embedder.EclipseLogger - Using 'UTF-8' encoding to copy filtered resources.
2022-09-07 15:59:34,136 [Worker-30: Building] INFO  o.e.m.c.i.embedder.EclipseLogger - skip non existing resourceDirectory D:\.Programacao\Java\PDS2\ConexaoBanco\otaviotursi\src\main\resources
2022-09-07 15:59:34,137 [Worker-30: Building] INFO  o.e.m.c.i.embedder.EclipseLogger - Using 'UTF-8' encoding to copy filtered resources.
2022-09-07 15:59:34,137 [Worker-30: Building] INFO  o.e.m.c.i.embedder.EclipseLogger - skip non existing resourceDirectory D:\.Programacao\Java\PDS2\ConexaoBanco\otaviotursi\src\test\resources
2022-09-07 16:00:03,528 [Worker-21: Building] INFO  o.e.m.c.i.embedder.EclipseLogger - Using 'UTF-8' encoding to copy filtered resources.
2022-09-07 16:00:03,529 [Worker-21: Building] INFO  o.e.m.c.i.embedder.EclipseLogger - skip non existing resourceDirectory D:\.Programacao\Java\PDS2\ConexaoBanco\otaviotursi\src\main\resources
2022-09-07 16:00:03,530 [Worker-21: Building] INFO  o.e.m.c.i.embedder.EclipseLogger - Using 'UTF-8' encoding to copy filtered resources.
2022-09-07 16:00:03,530 [Worker-21: Building] INFO  o.e.m.c.i.embedder.EclipseLogger - skip non existing resourceDirectory D:\.Programacao\Java\PDS2\ConexaoBanco\otaviotursi\src\test\resources
2022-09-07 16:03:45,285 [Worker-28: Building] INFO  o.e.m.c.i.embedder.EclipseLogger - Using 'UTF-8' encoding to copy filtered resources.
2022-09-07 16:03:45,285 [Worker-28: Building] INFO  o.e.m.c.i.embedder.EclipseLogger - skip non existing resourceDirectory D:\.Programacao\Java\PDS2\ConexaoBanco\otaviotursi\src\main\resources
2022-09-07 16:03:45,285 [Worker-28: Building] INFO  o.e.m.c.i.embedder.EclipseLogger - Using 'UTF-8' encoding to copy filtered resources.
2022-09-07 16:03:45,285 [Worker-28: Building] INFO  o.e.m.c.i.embedder.EclipseLogger - skip non existing resourceDirectory D:\.Programacao\Java\PDS2\ConexaoBanco\otaviotursi\src\test\resources
2022-09-07 16:05:26,339 [Worker-30: Building] INFO  o.e.m.c.i.embedder.EclipseLogger - Using 'UTF-8' encoding to copy filtered resources.
2022-09-07 16:05:26,340 [Worker-30: Building] INFO  o.e.m.c.i.embedder.EclipseLogger - skip non existing resourceDirectory D:\.Programacao\Java\PDS2\ConexaoBanco\otaviotursi\src\main\resources
2022-09-07 16:05:26,340 [Worker-30: Building] INFO  o.e.m.c.i.embedder.EclipseLogger - Using 'UTF-8' encoding to copy filtered resources.
2022-09-07 16:05:26,340 [Worker-30: Building] INFO  o.e.m.c.i.embedder.EclipseLogger - skip non existing resourceDirectory D:\.Programacao\Java\PDS2\ConexaoBanco\otaviotursi\src\test\resources
2022-09-07 16:05:50,622 [Worker-28: Building] INFO  o.e.m.c.i.embedder.EclipseLogger - Using 'UTF-8' encoding to copy filtered resources.
2022-09-07 16:05:50,622 [Worker-28: Building] INFO  o.e.m.c.i.embedder.EclipseLogger - skip non existing resourceDirectory D:\.Programacao\Java\PDS2\ConexaoBanco\otaviotursi\src\main\resources
2022-09-07 16:05:50,623 [Worker-28: Building] INFO  o.e.m.c.i.embedder.EclipseLogger - Using 'UTF-8' encoding to copy filtered resources.
2022-09-07 16:05:50,623 [Worker-28: Building] INFO  o.e.m.c.i.embedder.EclipseLogger - skip non existing resourceDirectory D:\.Programacao\Java\PDS2\ConexaoBanco\otaviotursi\src\test\resources
2022-09-07 16:07:00,544 [Worker-26: Building] INFO  o.e.m.c.i.embedder.EclipseLogger - Using 'UTF-8' encoding to copy filtered resources.
2022-09-07 16:07:00,544 [Worker-26: Building] INFO  o.e.m.c.i.embedder.EclipseLogger - skip non existing resourceDirectory D:\.Programacao\Java\PDS2\ConexaoBanco\otaviotursi\src\main\resources
2022-09-07 16:07:00,544 [Worker-26: Building] INFO  o.e.m.c.i.embedder.EclipseLogger - Using 'UTF-8' encoding to copy filtered resources.
2022-09-07 16:07:00,545 [Worker-26: Building] INFO  o.e.m.c.i.embedder.EclipseLogger - skip non existing resourceDirectory D:\.Programacao\Java\PDS2\ConexaoBanco\otaviotursi\src\test\resources
2022-09-07 16:08:38,008 [Worker-28: Building] INFO  o.e.m.c.i.embedder.EclipseLogger - Using 'UTF-8' encoding to copy filtered resources.
2022-09-07 16:08:38,008 [Worker-28: Building] INFO  o.e.m.c.i.embedder.EclipseLogger - skip non existing resourceDirectory D:\.Programacao\Java\PDS2\ConexaoBanco\otaviotursi\src\main\resources
2022-09-07 16:08:38,009 [Worker-28: Building] INFO  o.e.m.c.i.embedder.EclipseLogger - Using 'UTF-8' encoding to copy filtered resources.
2022-09-07 16:08:38,009 [Worker-28: Building] INFO  o.e.m.c.i.embedder.EclipseLogger - skip non existing resourceDirectory D:\.Programacao\Java\PDS2\ConexaoBanco\otaviotursi\src\test\resources
2022-09-07 16:12:55,072 [Worker-30: Building] INFO  o.e.m.c.i.embedder.EclipseLogger - Using 'UTF-8' encoding to copy filtered resources.
2022-09-07 16:12:55,072 [Worker-30: Building] INFO  o.e.m.c.i.embedder.EclipseLogger - skip non existing resourceDirectory D:\.Programacao\Java\PDS2\ConexaoBanco\otaviotursi\src\main\resources
2022-09-07 16:12:55,073 [Worker-30: Building] INFO  o.e.m.c.i.embedder.EclipseLogger - Using 'UTF-8' encoding to copy filtered resources.
2022-09-07 16:12:55,073 [Worker-30: Building] INFO  o.e.m.c.i.embedder.EclipseLogger - skip non existing resourceDirectory D:\.Programacao\Java\PDS2\ConexaoBanco\otaviotursi\src\test\resources
2022-09-07 16:12:57,148 [Worker-26: Building] INFO  o.e.m.c.i.embedder.EclipseLogger - Using 'UTF-8' encoding to copy filtered resources.
2022-09-07 16:12:57,149 [Worker-26: Building] INFO  o.e.m.c.i.embedder.EclipseLogger - skip non existing resourceDirectory D:\.Programacao\Java\PDS2\ConexaoBanco\otaviotursi\src\main\resources
2022-09-07 16:12:57,149 [Worker-26: Building] INFO  o.e.m.c.i.embedder.EclipseLogger - Using 'UTF-8' encoding to copy filtered resources.
2022-09-07 16:12:57,149 [Worker-26: Building] INFO  o.e.m.c.i.embedder.EclipseLogger - skip non existing resourceDirectory D:\.Programacao\Java\PDS2\ConexaoBanco\otaviotursi\src\test\resources
2022-09-07 16:13:26,999 [Worker-26: Building] INFO  o.e.m.c.i.embedder.EclipseLogger - Using 'UTF-8' encoding to copy filtered resources.
2022-09-07 16:13:26,999 [Worker-26: Building] INFO  o.e.m.c.i.embedder.EclipseLogger - skip non existing resourceDirectory D:\.Programacao\Java\PDS2\ConexaoBanco\otaviotursi\src\main\resources
2022-09-07 16:13:27,000 [Worker-26: Building] INFO  o.e.m.c.i.embedder.EclipseLogger - Using 'UTF-8' encoding to copy filtered resources.
2022-09-07 16:13:27,000 [Worker-26: Building] INFO  o.e.m.c.i.embedder.EclipseLogger - skip non existing resourceDirectory D:\.Programacao\Java\PDS2\ConexaoBanco\otaviotursi\src\test\resources
2022-09-07 16:13:38,706 [Worker-31: Building] INFO  o.e.m.c.i.embedder.EclipseLogger - Using 'UTF-8' encoding to copy filtered resources.
2022-09-07 16:13:38,706 [Worker-31: Building] INFO  o.e.m.c.i.embedder.EclipseLogger - skip non existing resourceDirectory D:\.Programacao\Java\PDS2\ConexaoBanco\otaviotursi\src\main\resources
2022-09-07 16:13:38,707 [Worker-31: Building] INFO  o.e.m.c.i.embedder.EclipseLogger - Using 'UTF-8' encoding to copy filtered resources.
2022-09-07 16:13:38,707 [Worker-31: Building] INFO  o.e.m.c.i.embedder.EclipseLogger - skip non existing resourceDirectory D:\.Programacao\Java\PDS2\ConexaoBanco\otaviotursi\src\test\resources
2022-09-07 16:16:05,734 [Worker-26: Building] INFO  o.e.m.c.i.embedder.EclipseLogger - Using 'UTF-8' encoding to copy filtered resources.
2022-09-07 16:16:05,735 [Worker-26: Building] INFO  o.e.m.c.i.embedder.EclipseLogger - skip non existing resourceDirectory D:\.Programacao\Java\PDS2\ConexaoBanco\otaviotursi\src\main\resources
2022-09-07 16:16:05,735 [Worker-26: Building] INFO  o.e.m.c.i.embedder.EclipseLogger - Using 'UTF-8' encoding to copy filtered resources.
2022-09-07 16:16:05,735 [Worker-26: Building] INFO  o.e.m.c.i.embedder.EclipseLogger - skip non existing resourceDirectory D:\.Programacao\Java\PDS2\ConexaoBanco\otaviotursi\src\test\resources
2022-09-07 16:16:09,371 [Worker-30: Building] INFO  o.e.m.c.i.embedder.EclipseLogger - Using 'UTF-8' encoding to copy filtered resources.
2022-09-07 16:16:09,371 [Worker-30: Building] INFO  o.e.m.c.i.embedder.EclipseLogger - skip non existing resourceDirectory D:\.Programacao\Java\PDS2\ConexaoBanco\otaviotursi\src\main\resources
2022-09-07 16:16:09,372 [Worker-30: Building] INFO  o.e.m.c.i.embedder.EclipseLogger - Using 'UTF-8' encoding to copy filtered resources.
2022-09-07 16:16:09,372 [Worker-30: Building] INFO  o.e.m.c.i.embedder.EclipseLogger - skip non existing resourceDirectory D:\.Programacao\Java\PDS2\ConexaoBanco\otaviotursi\src\test\resources
2022-09-07 16:16:44,807 [Worker-32: Building] INFO  o.e.m.c.i.embedder.EclipseLogger - Using 'UTF-8' encoding to copy filtered resources.
2022-09-07 16:16:44,807 [Worker-32: Building] INFO  o.e.m.c.i.embedder.EclipseLogger - skip non existing resourceDirectory D:\.Programacao\Java\PDS2\ConexaoBanco\otaviotursi\src\main\resources
2022-09-07 16:16:44,807 [Worker-32: Building] INFO  o.e.m.c.i.embedder.EclipseLogger - Using 'UTF-8' encoding to copy filtered resources.
2022-09-07 16:16:44,807 [Worker-32: Building] INFO  o.e.m.c.i.embedder.EclipseLogger - skip non existing resourceDirectory D:\.Programacao\Java\PDS2\ConexaoBanco\otaviotursi\src\test\resources
2022-09-07 16:17:02,244 [Worker-31: Building] INFO  o.e.m.c.i.embedder.EclipseLogger - Using 'UTF-8' encoding to copy filtered resources.
2022-09-07 16:17:02,244 [Worker-31: Building] INFO  o.e.m.c.i.embedder.EclipseLogger - skip non existing resourceDirectory D:\.Programacao\Java\PDS2\ConexaoBanco\otaviotursi\src\main\resources
2022-09-07 16:17:02,245 [Worker-31: Building] INFO  o.e.m.c.i.embedder.EclipseLogger - Using 'UTF-8' encoding to copy filtered resources.
2022-09-07 16:17:02,245 [Worker-31: Building] INFO  o.e.m.c.i.embedder.EclipseLogger - skip non existing resourceDirectory D:\.Programacao\Java\PDS2\ConexaoBanco\otaviotursi\src\test\resources
2022-09-07 16:17:49,409 [Worker-33: Building] INFO  o.e.m.c.i.embedder.EclipseLogger - Using 'UTF-8' encoding to copy filtered resources.
2022-09-07 16:17:49,409 [Worker-33: Building] INFO  o.e.m.c.i.embedder.EclipseLogger - skip non existing resourceDirectory D:\.Programacao\Java\PDS2\ConexaoBanco\otaviotursi\src\main\resources
2022-09-07 16:17:49,409 [Worker-33: Building] INFO  o.e.m.c.i.embedder.EclipseLogger - Using 'UTF-8' encoding to copy filtered resources.
2022-09-07 16:17:49,409 [Worker-33: Building] INFO  o.e.m.c.i.embedder.EclipseLogger - skip non existing resourceDirectory D:\.Programacao\Java\PDS2\ConexaoBanco\otaviotursi\src\test\resources
2022-09-07 16:17:51,311 [Worker-33: Building] INFO  o.e.m.c.i.embedder.EclipseLogger - Using 'UTF-8' encoding to copy filtered resources.
2022-09-07 16:17:51,312 [Worker-33: Building] INFO  o.e.m.c.i.embedder.EclipseLogger - skip non existing resourceDirectory D:\.Programacao\Java\PDS2\ConexaoBanco\otaviotursi\src\main\resources
2022-09-07 16:17:51,312 [Worker-33: Building] INFO  o.e.m.c.i.embedder.EclipseLogger - Using 'UTF-8' encoding to copy filtered resources.
2022-09-07 16:17:51,312 [Worker-33: Building] INFO  o.e.m.c.i.embedder.EclipseLogger - skip non existing resourceDirectory D:\.Programacao\Java\PDS2\ConexaoBanco\otaviotursi\src\test\resources
2022-09-07 16:18:54,608 [Worker-32: Building] INFO  o.e.m.c.i.embedder.EclipseLogger - Using 'UTF-8' encoding to copy filtered resources.
2022-09-07 16:18:54,609 [Worker-32: Building] INFO  o.e.m.c.i.embedder.EclipseLogger - skip non existing resourceDirectory D:\.Programacao\Java\PDS2\ConexaoBanco\otaviotursi\src\main\resources
2022-09-07 16:18:54,609 [Worker-32: Building] INFO  o.e.m.c.i.embedder.EclipseLogger - Using 'UTF-8' encoding to copy filtered resources.
2022-09-07 16:18:54,609 [Worker-32: Building] INFO  o.e.m.c.i.embedder.EclipseLogger - skip non existing resourceDirectory D:\.Programacao\Java\PDS2\ConexaoBanco\otaviotursi\src\test\resources
2022-09-07 16:19:29,847 [Worker-30: Building] INFO  o.e.m.c.i.embedder.EclipseLogger - Using 'UTF-8' encoding to copy filtered resources.
2022-09-07 16:19:29,847 [Worker-30: Building] INFO  o.e.m.c.i.embedder.EclipseLogger - skip non existing resourceDirectory D:\.Programacao\Java\PDS2\ConexaoBanco\otaviotursi\src\main\resources
2022-09-07 16:19:29,848 [Worker-30: Building] INFO  o.e.m.c.i.embedder.EclipseLogger - Using 'UTF-8' encoding to copy filtered resources.
2022-09-07 16:19:29,848 [Worker-30: Building] INFO  o.e.m.c.i.embedder.EclipseLogger - skip non existing resourceDirectory D:\.Programacao\Java\PDS2\ConexaoBanco\otaviotursi\src\test\resources
2022-09-07 16:19:53,438 [Worker-30: Building] INFO  o.e.m.c.i.embedder.EclipseLogger - Using 'UTF-8' encoding to copy filtered resources.
2022-09-07 16:19:53,438 [Worker-30: Building] INFO  o.e.m.c.i.embedder.EclipseLogger - skip non existing resourceDirectory D:\.Programacao\Java\PDS2\ConexaoBanco\otaviotursi\src\main\resources
2022-09-07 16:19:53,439 [Worker-30: Building] INFO  o.e.m.c.i.embedder.EclipseLogger - Using 'UTF-8' encoding to copy filtered resources.
2022-09-07 16:19:53,439 [Worker-30: Building] INFO  o.e.m.c.i.embedder.EclipseLogger - skip non existing resourceDirectory D:\.Programacao\Java\PDS2\ConexaoBanco\otaviotursi\src\test\resources
2022-09-07 16:20:07,257 [Worker-30: Building] INFO  o.e.m.c.i.embedder.EclipseLogger - Using 'UTF-8' encoding to copy filtered resources.
2022-09-07 16:20:07,257 [Worker-30: Building] INFO  o.e.m.c.i.embedder.EclipseLogger - skip non existing resourceDirectory D:\.Programacao\Java\PDS2\ConexaoBanco\otaviotursi\src\main\resources
2022-09-07 16:20:07,258 [Worker-30: Building] INFO  o.e.m.c.i.embedder.EclipseLogger - Using 'UTF-8' encoding to copy filtered resources.
2022-09-07 16:20:07,258 [Worker-30: Building] INFO  o.e.m.c.i.embedder.EclipseLogger - skip non existing resourceDirectory D:\.Programacao\Java\PDS2\ConexaoBanco\otaviotursi\src\test\resources
2022-09-07 16:21:04,376 [Worker-30: Building] INFO  o.e.m.c.i.embedder.EclipseLogger - Using 'UTF-8' encoding to copy filtered resources.
2022-09-07 16:21:04,377 [Worker-30: Building] INFO  o.e.m.c.i.embedder.EclipseLogger - skip non existing resourceDirectory D:\.Programacao\Java\PDS2\ConexaoBanco\otaviotursi\src\main\resources
2022-09-07 16:21:04,377 [Worker-30: Building] INFO  o.e.m.c.i.embedder.EclipseLogger - Using 'UTF-8' encoding to copy filtered resources.
2022-09-07 16:21:04,377 [Worker-30: Building] INFO  o.e.m.c.i.embedder.EclipseLogger - skip non existing resourceDirectory D:\.Programacao\Java\PDS2\ConexaoBanco\otaviotursi\src\test\resources
2022-09-07 16:21:30,077 [Worker-31: Building] INFO  o.e.m.c.i.embedder.EclipseLogger - Using 'UTF-8' encoding to copy filtered resources.
2022-09-07 16:21:30,077 [Worker-31: Building] INFO  o.e.m.c.i.embedder.EclipseLogger - skip non existing resourceDirectory D:\.Programacao\Java\PDS2\ConexaoBanco\otaviotursi\src\main\resources
2022-09-07 16:21:30,077 [Worker-31: Building] INFO  o.e.m.c.i.embedder.EclipseLogger - Using 'UTF-8' encoding to copy filtered resources.
2022-09-07 16:21:30,078 [Worker-31: Building] INFO  o.e.m.c.i.embedder.EclipseLogger - skip non existing resourceDirectory D:\.Programacao\Java\PDS2\ConexaoBanco\otaviotursi\src\test\resources
2022-09-07 16:22:19,058 [Worker-32: Building] INFO  o.e.m.c.i.embedder.EclipseLogger - Using 'UTF-8' encoding to copy filtered resources.
2022-09-07 16:22:19,058 [Worker-32: Building] INFO  o.e.m.c.i.embedder.EclipseLogger - skip non existing resourceDirectory D:\.Programacao\Java\PDS2\ConexaoBanco\otaviotursi\src\main\resources
2022-09-07 16:22:19,059 [Worker-32: Building] INFO  o.e.m.c.i.embedder.EclipseLogger - Using 'UTF-8' encoding to copy filtered resources.
2022-09-07 16:22:19,059 [Worker-32: Building] INFO  o.e.m.c.i.embedder.EclipseLogger - skip non existing resourceDirectory D:\.Programacao\Java\PDS2\ConexaoBanco\otaviotursi\src\test\resources
2022-09-07 16:22:55,851 [Worker-31: Building] INFO  o.e.m.c.i.embedder.EclipseLogger - Using 'UTF-8' encoding to copy filtered resources.
2022-09-07 16:22:55,851 [Worker-31: Building] INFO  o.e.m.c.i.embedder.EclipseLogger - skip non existing resourceDirectory D:\.Programacao\Java\PDS2\ConexaoBanco\otaviotursi\src\main\resources
2022-09-07 16:22:55,852 [Worker-31: Building] INFO  o.e.m.c.i.embedder.EclipseLogger - Using 'UTF-8' encoding to copy filtered resources.
2022-09-07 16:22:55,852 [Worker-31: Building] INFO  o.e.m.c.i.embedder.EclipseLogger - skip non existing resourceDirectory D:\.Programacao\Java\PDS2\ConexaoBanco\otaviotursi\src\test\resources
2022-09-07 16:23:43,248 [Worker-26: Building] INFO  o.e.m.c.i.embedder.EclipseLogger - Using 'UTF-8' encoding to copy filtered resources.
2022-09-07 16:23:43,248 [Worker-26: Building] INFO  o.e.m.c.i.embedder.EclipseLogger - skip non existing resourceDirectory D:\.Programacao\Java\PDS2\ConexaoBanco\otaviotursi\src\main\resources
2022-09-07 16:23:43,249 [Worker-26: Building] INFO  o.e.m.c.i.embedder.EclipseLogger - Using 'UTF-8' encoding to copy filtered resources.
2022-09-07 16:23:43,249 [Worker-26: Building] INFO  o.e.m.c.i.embedder.EclipseLogger - skip non existing resourceDirectory D:\.Programacao\Java\PDS2\ConexaoBanco\otaviotursi\src\test\resources
2022-09-07 16:24:08,503 [Worker-26: Building] INFO  o.e.m.c.i.embedder.EclipseLogger - Using 'UTF-8' encoding to copy filtered resources.
2022-09-07 16:24:08,503 [Worker-26: Building] INFO  o.e.m.c.i.embedder.EclipseLogger - skip non existing resourceDirectory D:\.Programacao\Java\PDS2\ConexaoBanco\otaviotursi\src\main\resources
2022-09-07 16:24:08,503 [Worker-26: Building] INFO  o.e.m.c.i.embedder.EclipseLogger - Using 'UTF-8' encoding to copy filtered resources.
2022-09-07 16:24:08,503 [Worker-26: Building] INFO  o.e.m.c.i.embedder.EclipseLogger - skip non existing resourceDirectory D:\.Programacao\Java\PDS2\ConexaoBanco\otaviotursi\src\test\resources
2022-09-07 16:25:44,408 [Worker-32: Building] INFO  o.e.m.c.i.embedder.EclipseLogger - Using 'UTF-8' encoding to copy filtered resources.
2022-09-07 16:25:44,408 [Worker-32: Building] INFO  o.e.m.c.i.embedder.EclipseLogger - skip non existing resourceDirectory D:\.Programacao\Java\PDS2\ConexaoBanco\otaviotursi\src\main\resources
2022-09-07 16:25:44,408 [Worker-32: Building] INFO  o.e.m.c.i.embedder.EclipseLogger - Using 'UTF-8' encoding to copy filtered resources.
2022-09-07 16:25:44,408 [Worker-32: Building] INFO  o.e.m.c.i.embedder.EclipseLogger - skip non existing resourceDirectory D:\.Programacao\Java\PDS2\ConexaoBanco\otaviotursi\src\test\resources
2022-09-07 16:28:18,767 [Worker-34: Building] INFO  o.e.m.c.i.embedder.EclipseLogger - Using 'UTF-8' encoding to copy filtered resources.
2022-09-07 16:28:18,768 [Worker-34: Building] INFO  o.e.m.c.i.embedder.EclipseLogger - skip non existing resourceDirectory D:\.Programacao\Java\PDS2\ConexaoBanco\otaviotursi\src\main\resources
2022-09-07 16:28:18,769 [Worker-34: Building] INFO  o.e.m.c.i.embedder.EclipseLogger - Using 'UTF-8' encoding to copy filtered resources.
2022-09-07 16:28:18,769 [Worker-34: Building] INFO  o.e.m.c.i.embedder.EclipseLogger - skip non existing resourceDirectory D:\.Programacao\Java\PDS2\ConexaoBanco\otaviotursi\src\test\resources
2022-09-07 16:28:44,557 [Worker-30: Building] INFO  o.e.m.c.i.embedder.EclipseLogger - Using 'UTF-8' encoding to copy filtered resources.
2022-09-07 16:28:44,557 [Worker-30: Building] INFO  o.e.m.c.i.embedder.EclipseLogger - skip non existing resourceDirectory D:\.Programacao\Java\PDS2\ConexaoBanco\otaviotursi\src\main\resources
2022-09-07 16:28:44,558 [Worker-30: Building] INFO  o.e.m.c.i.embedder.EclipseLogger - Using 'UTF-8' encoding to copy filtered resources.
2022-09-07 16:28:44,558 [Worker-30: Building] INFO  o.e.m.c.i.embedder.EclipseLogger - skip non existing resourceDirectory D:\.Programacao\Java\PDS2\ConexaoBanco\otaviotursi\src\test\resources
2022-09-07 16:28:48,636 [Worker-32: Building] INFO  o.e.m.c.i.embedder.EclipseLogger - Using 'UTF-8' encoding to copy filtered resources.
2022-09-07 16:28:48,636 [Worker-32: Building] INFO  o.e.m.c.i.embedder.EclipseLogger - skip non existing resourceDirectory D:\.Programacao\Java\PDS2\ConexaoBanco\otaviotursi\src\main\resources
2022-09-07 16:28:48,637 [Worker-32: Building] INFO  o.e.m.c.i.embedder.EclipseLogger - Using 'UTF-8' encoding to copy filtered resources.
2022-09-07 16:28:48,637 [Worker-32: Building] INFO  o.e.m.c.i.embedder.EclipseLogger - skip non existing resourceDirectory D:\.Programacao\Java\PDS2\ConexaoBanco\otaviotursi\src\test\resources
2022-09-07 16:29:15,829 [Worker-26: Building] INFO  o.e.m.c.i.embedder.EclipseLogger - Using 'UTF-8' encoding to copy filtered resources.
2022-09-07 16:29:15,829 [Worker-26: Building] INFO  o.e.m.c.i.embedder.EclipseLogger - skip non existing resourceDirectory D:\.Programacao\Java\PDS2\ConexaoBanco\otaviotursi\src\main\resources
2022-09-07 16:29:15,829 [Worker-26: Building] INFO  o.e.m.c.i.embedder.EclipseLogger - Using 'UTF-8' encoding to copy filtered resources.
2022-09-07 16:29:15,829 [Worker-26: Building] INFO  o.e.m.c.i.embedder.EclipseLogger - skip non existing resourceDirectory D:\.Programacao\Java\PDS2\ConexaoBanco\otaviotursi\src\test\resources
2022-09-07 16:29:29,807 [Worker-26: Building] INFO  o.e.m.c.i.embedder.EclipseLogger - Using 'UTF-8' encoding to copy filtered resources.
2022-09-07 16:29:29,807 [Worker-26: Building] INFO  o.e.m.c.i.embedder.EclipseLogger - skip non existing resourceDirectory D:\.Programacao\Java\PDS2\ConexaoBanco\otaviotursi\src\main\resources
2022-09-07 16:29:29,807 [Worker-26: Building] INFO  o.e.m.c.i.embedder.EclipseLogger - Using 'UTF-8' encoding to copy filtered resources.
2022-09-07 16:29:29,807 [Worker-26: Building] INFO  o.e.m.c.i.embedder.EclipseLogger - skip non existing resourceDirectory D:\.Programacao\Java\PDS2\ConexaoBanco\otaviotursi\src\test\resources
2022-09-07 16:31:20,270 [Worker-35: Building] INFO  o.e.m.c.i.embedder.EclipseLogger - Using 'UTF-8' encoding to copy filtered resources.
2022-09-07 16:31:20,270 [Worker-35: Building] INFO  o.e.m.c.i.embedder.EclipseLogger - skip non existing resourceDirectory D:\.Programacao\Java\PDS2\ConexaoBanco\otaviotursi\src\main\resources
2022-09-07 16:31:20,271 [Worker-35: Building] INFO  o.e.m.c.i.embedder.EclipseLogger - Using 'UTF-8' encoding to copy filtered resources.
2022-09-07 16:31:20,271 [Worker-35: Building] INFO  o.e.m.c.i.embedder.EclipseLogger - skip non existing resourceDirectory D:\.Programacao\Java\PDS2\ConexaoBanco\otaviotursi\src\test\resources
2022-09-07 16:32:34,839 [Worker-30: Building] INFO  o.e.m.c.i.embedder.EclipseLogger - Using 'UTF-8' encoding to copy filtered resources.
2022-09-07 16:32:34,839 [Worker-30: Building] INFO  o.e.m.c.i.embedder.EclipseLogger - skip non existing resourceDirectory D:\.Programacao\Java\PDS2\ConexaoBanco\otaviotursi\src\main\resources
2022-09-07 16:32:34,840 [Worker-30: Building] INFO  o.e.m.c.i.embedder.EclipseLogger - Using 'UTF-8' encoding to copy filtered resources.
2022-09-07 16:32:34,841 [Worker-30: Building] INFO  o.e.m.c.i.embedder.EclipseLogger - skip non existing resourceDirectory D:\.Programacao\Java\PDS2\ConexaoBanco\otaviotursi\src\test\resources
2022-09-07 16:32:40,028 [Worker-31: Building] INFO  o.e.m.c.i.embedder.EclipseLogger - Using 'UTF-8' encoding to copy filtered resources.
2022-09-07 16:32:40,028 [Worker-31: Building] INFO  o.e.m.c.i.embedder.EclipseLogger - skip non existing resourceDirectory D:\.Programacao\Java\PDS2\ConexaoBanco\otaviotursi\src\main\resources
2022-09-07 16:32:40,029 [Worker-31: Building] INFO  o.e.m.c.i.embedder.EclipseLogger - Using 'UTF-8' encoding to copy filtered resources.
2022-09-07 16:32:40,029 [Worker-31: Building] INFO  o.e.m.c.i.embedder.EclipseLogger - skip non existing resourceDirectory D:\.Programacao\Java\PDS2\ConexaoBanco\otaviotursi\src\test\resources
